CRITICAL - 2022-12-11 06:29:23 --> syntax error, unexpected token "(", expecting "{"
in APPPATH\Filters\AutenticacionFiltro.php on line 8.
 1 SYSTEMPATH\Autoloader\Autoloader.php(259): CodeIgniter\Autoloader\Autoloader->includeFile('APPPATH\\Filters\\AutenticacionFiltro.php')
 2 SYSTEMPATH\Autoloader\Autoloader.php(237): CodeIgniter\Autoloader\Autoloader->loadInNamespace('App\\Filters\\AutenticacionFiltro')
 3 SYSTEMPATH\Filters\Filters.php(166): CodeIgniter\Autoloader\Autoloader->loadClass('App\\Filters\\AutenticacionFiltro')
 4 SYSTEMPATH\CodeIgniter.php(455): CodeIgniter\Filters\Filters->run('api/clientes', 'before')
 5 SYSTEMPATH\CodeIgniter.php(351): CodeIgniter\CodeIgniter->handleRequest(null, Object(Config\Cache), false)
 6 FCPATH\index.php(67): CodeIgniter\CodeIgniter->run()
 7 SYSTEMPATH\Commands\Server\rewrite.php(46): require_once('FCPATH\\index.php')
CRITICAL - 2022-12-11 06:32:05 --> syntax error, unexpected token "(", expecting "{"
in APPPATH\Filters\AutenticacionFiltro.php on line 8.
 1 SYSTEMPATH\Autoloader\Autoloader.php(259): CodeIgniter\Autoloader\Autoloader->includeFile('APPPATH\\Filters\\AutenticacionFiltro.php')
 2 SYSTEMPATH\Autoloader\Autoloader.php(237): CodeIgniter\Autoloader\Autoloader->loadInNamespace('App\\Filters\\AutenticacionFiltro')
 3 SYSTEMPATH\Filters\Filters.php(166): CodeIgniter\Autoloader\Autoloader->loadClass('App\\Filters\\AutenticacionFiltro')
 4 SYSTEMPATH\CodeIgniter.php(455): CodeIgniter\Filters\Filters->run('api/clientes', 'before')
 5 SYSTEMPATH\CodeIgniter.php(351): CodeIgniter\CodeIgniter->handleRequest(null, Object(Config\Cache), false)
 6 FCPATH\index.php(67): CodeIgniter\CodeIgniter->run()
 7 SYSTEMPATH\Commands\Server\rewrite.php(46): require_once('FCPATH\\index.php')
CRITICAL - 2022-12-11 06:41:08 --> Header may not contain more than a single header, new line detected
in SYSTEMPATH\HTTP\ResponseTrait.php on line 471.
 1 [internal function]: CodeIgniter\Debug\Exceptions->errorHandler(2, 'Header may not contain more than a single header, new line detected', 'SYSTEMPATH\\HTTP\\ResponseTrait.php', 471)
 2 SYSTEMPATH\HTTP\ResponseTrait.php(471): header('HTTP/1.1 500 UnexpectedValueException: "kid" empty, unable to lookup correct key in C:\\Users\\Legato\\Desktop\\banco\\vendor\\firebase\\php-jwt\\src\\JWT.php:434
Stack trace:
#0 C:\\Users\\Legato\\Desktop\\banco\\vendor\\firebase\\php-jwt\\src\\JWT.php(128): Firebase\\JWT\\JWT::getKey(\'llave_secreta\', NULL)
#1 C:\\Users\\Legato\\Desktop\\banco\\app\\Filters\\AutenticacionFiltro.php(17): Firebase\\JWT\\JWT::decode(\'eyJ0eXAiOiJKV1Q...\', \'llave_secreta\', Array)
#2 C:\\Users\\Legato\\Desktop\\banco\\system\\Filters\\Filters.php(173): App\\Filters\\AutenticacionFiltro->before(Object(CodeIgniter\\HTTP\\IncomingRequest), NULL)
#3 C:\\Users\\Legato\\Desktop\\banco\\system\\CodeIgniter.php(455): CodeIgniter\\Filters\\Filters->run(\'api/clientes\', \'before\')
#4 C:\\Users\\Legato\\Desktop\\banco\\system\\CodeIgniter.php(351): CodeIgniter\\CodeIgniter->handleRequest(NULL, Object(Config\\Cache), false)
#5 C:\\Users\\Legato\\Desktop\\banco\\public\\index.php(67): CodeIgniter\\CodeIgniter->run()
#6 C:\\Users\\Legato\\Desktop\\banco\\system\\Commands\\Server\\rewrite.php(46): require_once(\'C:\\\\Users\\\\Legato...\')
#7 {main}', true, 500)
 3 SYSTEMPATH\HTTP\ResponseTrait.php(445): CodeIgniter\HTTP\Response->sendHeaders()
 4 SYSTEMPATH\CodeIgniter.php(461): CodeIgniter\HTTP\Response->send()
 5 SYSTEMPATH\CodeIgniter.php(351): CodeIgniter\CodeIgniter->handleRequest(null, Object(Config\Cache), false)
 6 FCPATH\index.php(67): CodeIgniter\CodeIgniter->run()
 7 SYSTEMPATH\Commands\Server\rewrite.php(46): require_once('FCPATH\\index.php')
CRITICAL - 2022-12-11 06:42:55 --> Header may not contain more than a single header, new line detected
in SYSTEMPATH\HTTP\ResponseTrait.php on line 471.
 1 [internal function]: CodeIgniter\Debug\Exceptions->errorHandler(2, 'Header may not contain more than a single header, new line detected', 'SYSTEMPATH\\HTTP\\ResponseTrait.php', 471)
 2 SYSTEMPATH\HTTP\ResponseTrait.php(471): header('HTTP/1.1 500 UnexpectedValueException: "kid" empty, unable to lookup correct key in C:\\Users\\Legato\\Desktop\\banco\\vendor\\firebase\\php-jwt\\src\\JWT.php:434
Stack trace:
#0 C:\\Users\\Legato\\Desktop\\banco\\vendor\\firebase\\php-jwt\\src\\JWT.php(128): Firebase\\JWT\\JWT::getKey(\'llave_secreta\', NULL)
#1 C:\\Users\\Legato\\Desktop\\banco\\app\\Filters\\AutenticacionFiltro.php(18): Firebase\\JWT\\JWT::decode(\'eyJ0eXAiOiJKV1Q...\', \'llave_secreta\', Array)
#2 C:\\Users\\Legato\\Desktop\\banco\\system\\Filters\\Filters.php(173): App\\Filters\\AutenticacionFiltro->before(Object(CodeIgniter\\HTTP\\IncomingRequest), NULL)
#3 C:\\Users\\Legato\\Desktop\\banco\\system\\CodeIgniter.php(455): CodeIgniter\\Filters\\Filters->run(\'api/clientes\', \'before\')
#4 C:\\Users\\Legato\\Desktop\\banco\\system\\CodeIgniter.php(351): CodeIgniter\\CodeIgniter->handleRequest(NULL, Object(Config\\Cache), false)
#5 C:\\Users\\Legato\\Desktop\\banco\\public\\index.php(67): CodeIgniter\\CodeIgniter->run()
#6 C:\\Users\\Legato\\Desktop\\banco\\system\\Commands\\Server\\rewrite.php(46): require_once(\'C:\\\\Users\\\\Legato...\')
#7 {main}', true, 500)
 3 SYSTEMPATH\HTTP\ResponseTrait.php(445): CodeIgniter\HTTP\Response->sendHeaders()
 4 SYSTEMPATH\CodeIgniter.php(461): CodeIgniter\HTTP\Response->send()
 5 SYSTEMPATH\CodeIgniter.php(351): CodeIgniter\CodeIgniter->handleRequest(null, Object(Config\Cache), false)
 6 FCPATH\index.php(67): CodeIgniter\CodeIgniter->run()
 7 SYSTEMPATH\Commands\Server\rewrite.php(46): require_once('FCPATH\\index.php')
CRITICAL - 2022-12-11 06:46:40 --> Header may not contain more than a single header, new line detected
in SYSTEMPATH\HTTP\ResponseTrait.php on line 471.
 1 [internal function]: CodeIgniter\Debug\Exceptions->errorHandler(2, 'Header may not contain more than a single header, new line detected', 'SYSTEMPATH\\HTTP\\ResponseTrait.php', 471)
 2 SYSTEMPATH\HTTP\ResponseTrait.php(471): header('HTTP/1.1 500 UnexpectedValueException: "kid" empty, unable to lookup correct key in C:\\Users\\Legato\\Desktop\\banco\\vendor\\firebase\\php-jwt\\src\\JWT.php:434
Stack trace:
#0 C:\\Users\\Legato\\Desktop\\banco\\vendor\\firebase\\php-jwt\\src\\JWT.php(128): Firebase\\JWT\\JWT::getKey(\'llave_secreta\', NULL)
#1 C:\\Users\\Legato\\Desktop\\banco\\app\\Filters\\AutenticacionFiltro.php(18): Firebase\\JWT\\JWT::decode(\'eyJ0eXAiOiJKV1Q...\', \'llave_secreta\', Array)
#2 C:\\Users\\Legato\\Desktop\\banco\\system\\Filters\\Filters.php(173): App\\Filters\\AutenticacionFiltro->before(Object(CodeIgniter\\HTTP\\IncomingRequest), NULL)
#3 C:\\Users\\Legato\\Desktop\\banco\\system\\CodeIgniter.php(455): CodeIgniter\\Filters\\Filters->run(\'api/clientes\', \'before\')
#4 C:\\Users\\Legato\\Desktop\\banco\\system\\CodeIgniter.php(351): CodeIgniter\\CodeIgniter->handleRequest(NULL, Object(Config\\Cache), false)
#5 C:\\Users\\Legato\\Desktop\\banco\\public\\index.php(67): CodeIgniter\\CodeIgniter->run()
#6 C:\\Users\\Legato\\Desktop\\banco\\system\\Commands\\Server\\rewrite.php(46): require_once(\'C:\\\\Users\\\\Legato...\')
#7 {main}', true, 500)
 3 SYSTEMPATH\HTTP\ResponseTrait.php(445): CodeIgniter\HTTP\Response->sendHeaders()
 4 SYSTEMPATH\CodeIgniter.php(461): CodeIgniter\HTTP\Response->send()
 5 SYSTEMPATH\CodeIgniter.php(351): CodeIgniter\CodeIgniter->handleRequest(null, Object(Config\Cache), false)
 6 FCPATH\index.php(67): CodeIgniter\CodeIgniter->run()
 7 SYSTEMPATH\Commands\Server\rewrite.php(46): require_once('FCPATH\\index.php')
CRITICAL - 2022-12-11 15:29:39 --> Header may not contain more than a single header, new line detected
in SYSTEMPATH\HTTP\ResponseTrait.php on line 471.
 1 [internal function]: CodeIgniter\Debug\Exceptions->errorHandler(2, 'Header may not contain more than a single header, new line detected', 'SYSTEMPATH\\HTTP\\ResponseTrait.php', 471)
 2 SYSTEMPATH\HTTP\ResponseTrait.php(471): header('HTTP/1.1 500 UnexpectedValueException: "kid" empty, unable to lookup correct key in C:\\Users\\Legato\\Desktop\\banco\\vendor\\firebase\\php-jwt\\src\\JWT.php:434
Stack trace:
#0 C:\\Users\\Legato\\Desktop\\banco\\vendor\\firebase\\php-jwt\\src\\JWT.php(128): Firebase\\JWT\\JWT::getKey(\'llave_secreta\', NULL)
#1 C:\\Users\\Legato\\Desktop\\banco\\app\\Filters\\AutenticacionFiltro.php(18): Firebase\\JWT\\JWT::decode(\'eyJ0eXAiOiJKV1Q...\', \'llave_secreta\', Array)
#2 C:\\Users\\Legato\\Desktop\\banco\\system\\Filters\\Filters.php(173): App\\Filters\\AutenticacionFiltro->before(Object(CodeIgniter\\HTTP\\IncomingRequest), NULL)
#3 C:\\Users\\Legato\\Desktop\\banco\\system\\CodeIgniter.php(455): CodeIgniter\\Filters\\Filters->run(\'api/clientes\', \'before\')
#4 C:\\Users\\Legato\\Desktop\\banco\\system\\CodeIgniter.php(351): CodeIgniter\\CodeIgniter->handleRequest(NULL, Object(Config\\Cache), false)
#5 C:\\Users\\Legato\\Desktop\\banco\\public\\index.php(67): CodeIgniter\\CodeIgniter->run()
#6 C:\\Users\\Legato\\Desktop\\banco\\system\\Commands\\Server\\rewrite.php(46): require_once(\'C:\\\\Users\\\\Legato...\')
#7 {main}', true, 500)
 3 SYSTEMPATH\HTTP\ResponseTrait.php(445): CodeIgniter\HTTP\Response->sendHeaders()
 4 SYSTEMPATH\CodeIgniter.php(461): CodeIgniter\HTTP\Response->send()
 5 SYSTEMPATH\CodeIgniter.php(351): CodeIgniter\CodeIgniter->handleRequest(null, Object(Config\Cache), false)
 6 FCPATH\index.php(67): CodeIgniter\CodeIgniter->run()
 7 SYSTEMPATH\Commands\Server\rewrite.php(46): require_once('FCPATH\\index.php')
CRITICAL - 2022-12-11 15:39:29 --> Header may not contain more than a single header, new line detected
in SYSTEMPATH\HTTP\ResponseTrait.php on line 471.
 1 [internal function]: CodeIgniter\Debug\Exceptions->errorHandler(2, 'Header may not contain more than a single header, new line detected', 'SYSTEMPATH\\HTTP\\ResponseTrait.php', 471)
 2 SYSTEMPATH\HTTP\ResponseTrait.php(471): header('HTTP/1.1 500 UnexpectedValueException: "kid" empty, unable to lookup correct key in C:\\Users\\Legato\\Desktop\\banco\\vendor\\firebase\\php-jwt\\src\\JWT.php:434
Stack trace:
#0 C:\\Users\\Legato\\Desktop\\banco\\vendor\\firebase\\php-jwt\\src\\JWT.php(128): Firebase\\JWT\\JWT::getKey(\'llave_secreta\', NULL)
#1 C:\\Users\\Legato\\Desktop\\banco\\app\\Filters\\AutenticacionFiltro.php(18): Firebase\\JWT\\JWT::decode(\'eyJ0eXAiOiJKV1Q...\', \'llave_secreta\', Array)
#2 C:\\Users\\Legato\\Desktop\\banco\\system\\Filters\\Filters.php(173): App\\Filters\\AutenticacionFiltro->before(Object(CodeIgniter\\HTTP\\IncomingRequest), NULL)
#3 C:\\Users\\Legato\\Desktop\\banco\\system\\CodeIgniter.php(455): CodeIgniter\\Filters\\Filters->run(\'api/clientes\', \'before\')
#4 C:\\Users\\Legato\\Desktop\\banco\\system\\CodeIgniter.php(351): CodeIgniter\\CodeIgniter->handleRequest(NULL, Object(Config\\Cache), false)
#5 C:\\Users\\Legato\\Desktop\\banco\\public\\index.php(67): CodeIgniter\\CodeIgniter->run()
#6 C:\\Users\\Legato\\Desktop\\banco\\system\\Commands\\Server\\rewrite.php(46): require_once(\'C:\\\\Users\\\\Legato...\')
#7 {main}', true, 500)
 3 SYSTEMPATH\HTTP\ResponseTrait.php(445): CodeIgniter\HTTP\Response->sendHeaders()
 4 SYSTEMPATH\CodeIgniter.php(461): CodeIgniter\HTTP\Response->send()
 5 SYSTEMPATH\CodeIgniter.php(351): CodeIgniter\CodeIgniter->handleRequest(null, Object(Config\Cache), false)
 6 FCPATH\index.php(67): CodeIgniter\CodeIgniter->run()
 7 SYSTEMPATH\Commands\Server\rewrite.php(46): require_once('FCPATH\\index.php')
CRITICAL - 2022-12-11 17:38:55 --> Header may not contain more than a single header, new line detected
in SYSTEMPATH\HTTP\ResponseTrait.php on line 471.
 1 [internal function]: CodeIgniter\Debug\Exceptions->errorHandler(2, 'Header may not contain more than a single header, new line detected', 'SYSTEMPATH\\HTTP\\ResponseTrait.php', 471)
 2 SYSTEMPATH\HTTP\ResponseTrait.php(471): header('HTTP/1.1 500 UnexpectedValueException: "kid" empty, unable to lookup correct key in C:\\Users\\Legato\\Desktop\\banco\\vendor\\firebase\\php-jwt\\src\\JWT.php:434
Stack trace:
#0 C:\\Users\\Legato\\Desktop\\banco\\vendor\\firebase\\php-jwt\\src\\JWT.php(128): Firebase\\JWT\\JWT::getKey(\'llave_secreta\', NULL)
#1 C:\\Users\\Legato\\Desktop\\banco\\app\\Filters\\AutenticacionFiltro.php(17): Firebase\\JWT\\JWT::decode(\'eyJ0eXAiOiJKV1Q...\', \'llave_secreta\', Array)
#2 C:\\Users\\Legato\\Desktop\\banco\\system\\Filters\\Filters.php(173): App\\Filters\\AutenticacionFiltro->before(Object(CodeIgniter\\HTTP\\IncomingRequest), NULL)
#3 C:\\Users\\Legato\\Desktop\\banco\\system\\CodeIgniter.php(455): CodeIgniter\\Filters\\Filters->run(\'api/clientes\', \'before\')
#4 C:\\Users\\Legato\\Desktop\\banco\\system\\CodeIgniter.php(351): CodeIgniter\\CodeIgniter->handleRequest(NULL, Object(Config\\Cache), false)
#5 C:\\Users\\Legato\\Desktop\\banco\\public\\index.php(67): CodeIgniter\\CodeIgniter->run()
#6 C:\\Users\\Legato\\Desktop\\banco\\system\\Commands\\Server\\rewrite.php(46): require_once(\'C:\\\\Users\\\\Legato...\')
#7 {main}', true, 500)
 3 SYSTEMPATH\HTTP\ResponseTrait.php(445): CodeIgniter\HTTP\Response->sendHeaders()
 4 SYSTEMPATH\CodeIgniter.php(461): CodeIgniter\HTTP\Response->send()
 5 SYSTEMPATH\CodeIgniter.php(351): CodeIgniter\CodeIgniter->handleRequest(null, Object(Config\Cache), false)
 6 FCPATH\index.php(67): CodeIgniter\CodeIgniter->run()
 7 SYSTEMPATH\Commands\Server\rewrite.php(46): require_once('FCPATH\\index.php')
CRITICAL - 2022-12-11 17:42:43 --> Class App\Filters\AutenticacionFiltro contains 1 abstract method and must therefore be declared abstract or implement the remaining methods (CodeIgniter\Filters\FilterInterface::after)
in APPPATH\Filters\AutenticacionFiltro.php on line 8.
 1 [internal function]: CodeIgniter\Debug\Exceptions->shutdownHandler()
CRITICAL - 2022-12-11 17:43:44 --> Header may not contain more than a single header, new line detected
in SYSTEMPATH\HTTP\ResponseTrait.php on line 471.
 1 [internal function]: CodeIgniter\Debug\Exceptions->errorHandler(2, 'Header may not contain more than a single header, new line detected', 'SYSTEMPATH\\HTTP\\ResponseTrait.php', 471)
 2 SYSTEMPATH\HTTP\ResponseTrait.php(471): header('HTTP/1.1 500 UnexpectedValueException: "kid" empty, unable to lookup correct key in C:\\Users\\Legato\\Desktop\\banco\\vendor\\firebase\\php-jwt\\src\\JWT.php:434
Stack trace:
#0 C:\\Users\\Legato\\Desktop\\banco\\vendor\\firebase\\php-jwt\\src\\JWT.php(128): Firebase\\JWT\\JWT::getKey(\'llave_secreta\', NULL)
#1 C:\\Users\\Legato\\Desktop\\banco\\app\\Filters\\AutenticacionFiltro.php(17): Firebase\\JWT\\JWT::decode(\'eyJ0eXAiOiJKV1Q...\', \'llave_secreta\', \'HS256\')
#2 C:\\Users\\Legato\\Desktop\\banco\\system\\Filters\\Filters.php(173): App\\Filters\\AutenticacionFiltro->before(Object(CodeIgniter\\HTTP\\IncomingRequest), NULL)
#3 C:\\Users\\Legato\\Desktop\\banco\\system\\CodeIgniter.php(455): CodeIgniter\\Filters\\Filters->run(\'api/clientes\', \'before\')
#4 C:\\Users\\Legato\\Desktop\\banco\\system\\CodeIgniter.php(351): CodeIgniter\\CodeIgniter->handleRequest(NULL, Object(Config\\Cache), false)
#5 C:\\Users\\Legato\\Desktop\\banco\\public\\index.php(67): CodeIgniter\\CodeIgniter->run()
#6 C:\\Users\\Legato\\Desktop\\banco\\system\\Commands\\Server\\rewrite.php(46): require_once(\'C:\\\\Users\\\\Legato...\')
#7 {main}', true, 500)
 3 SYSTEMPATH\HTTP\ResponseTrait.php(445): CodeIgniter\HTTP\Response->sendHeaders()
 4 SYSTEMPATH\CodeIgniter.php(461): CodeIgniter\HTTP\Response->send()
 5 SYSTEMPATH\CodeIgniter.php(351): CodeIgniter\CodeIgniter->handleRequest(null, Object(Config\Cache), false)
 6 FCPATH\index.php(67): CodeIgniter\CodeIgniter->run()
 7 SYSTEMPATH\Commands\Server\rewrite.php(46): require_once('FCPATH\\index.php')
CRITICAL - 2022-12-11 17:47:18 --> Header may not contain more than a single header, new line detected
in SYSTEMPATH\HTTP\ResponseTrait.php on line 471.
 1 [internal function]: CodeIgniter\Debug\Exceptions->errorHandler(2, 'Header may not contain more than a single header, new line detected', 'SYSTEMPATH\\HTTP\\ResponseTrait.php', 471)
 2 SYSTEMPATH\HTTP\ResponseTrait.php(471): header('HTTP/1.1 500 UnexpectedValueException: "kid" empty, unable to lookup correct key in C:\\Users\\Legato\\Desktop\\banco\\vendor\\firebase\\php-jwt\\src\\JWT.php:434
Stack trace:
#0 C:\\Users\\Legato\\Desktop\\banco\\vendor\\firebase\\php-jwt\\src\\JWT.php(128): Firebase\\JWT\\JWT::getKey(\'llave_secreta\', NULL)
#1 C:\\Users\\Legato\\Desktop\\banco\\app\\Filters\\AutenticacionFiltro.php(17): Firebase\\JWT\\JWT::decode(\'eyJ0eXAiOiJKV1Q...\', \'llave_secreta\', \'HS256\')
#2 C:\\Users\\Legato\\Desktop\\banco\\system\\Filters\\Filters.php(173): App\\Filters\\AutenticacionFiltro->before(Object(CodeIgniter\\HTTP\\IncomingRequest), NULL)
#3 C:\\Users\\Legato\\Desktop\\banco\\system\\CodeIgniter.php(455): CodeIgniter\\Filters\\Filters->run(\'api/clientes\', \'before\')
#4 C:\\Users\\Legato\\Desktop\\banco\\system\\CodeIgniter.php(351): CodeIgniter\\CodeIgniter->handleRequest(NULL, Object(Config\\Cache), false)
#5 C:\\Users\\Legato\\Desktop\\banco\\public\\index.php(67): CodeIgniter\\CodeIgniter->run()
#6 C:\\Users\\Legato\\Desktop\\banco\\system\\Commands\\Server\\rewrite.php(46): require_once(\'C:\\\\Users\\\\Legato...\')
#7 {main}', true, 500)
 3 SYSTEMPATH\HTTP\ResponseTrait.php(445): CodeIgniter\HTTP\Response->sendHeaders()
 4 SYSTEMPATH\CodeIgniter.php(461): CodeIgniter\HTTP\Response->send()
 5 SYSTEMPATH\CodeIgniter.php(351): CodeIgniter\CodeIgniter->handleRequest(null, Object(Config\Cache), false)
 6 FCPATH\index.php(67): CodeIgniter\CodeIgniter->run()
 7 SYSTEMPATH\Commands\Server\rewrite.php(46): require_once('FCPATH\\index.php')
CRITICAL - 2022-12-11 17:55:37 --> Header may not contain more than a single header, new line detected
in SYSTEMPATH\HTTP\ResponseTrait.php on line 471.
 1 [internal function]: CodeIgniter\Debug\Exceptions->errorHandler(2, 'Header may not contain more than a single header, new line detected', 'SYSTEMPATH\\HTTP\\ResponseTrait.php', 471)
 2 SYSTEMPATH\HTTP\ResponseTrait.php(471): header('HTTP/1.1 500 UnexpectedValueException: "kid" empty, unable to lookup correct key in C:\\Users\\Legato\\Desktop\\banco\\vendor\\firebase\\php-jwt\\src\\JWT.php:434
Stack trace:
#0 C:\\Users\\Legato\\Desktop\\banco\\vendor\\firebase\\php-jwt\\src\\JWT.php(128): Firebase\\JWT\\JWT::getKey(\'llave_secreta\', NULL)
#1 C:\\Users\\Legato\\Desktop\\banco\\app\\Filters\\AutenticacionFiltro.php(18): Firebase\\JWT\\JWT::decode(\'eyJ0eXAiOiJKV1Q...\', \'llave_secreta\', Array)
#2 C:\\Users\\Legato\\Desktop\\banco\\system\\Filters\\Filters.php(173): App\\Filters\\AutenticacionFiltro->before(Object(CodeIgniter\\HTTP\\IncomingRequest), NULL)
#3 C:\\Users\\Legato\\Desktop\\banco\\system\\CodeIgniter.php(455): CodeIgniter\\Filters\\Filters->run(\'api/clientes\', \'before\')
#4 C:\\Users\\Legato\\Desktop\\banco\\system\\CodeIgniter.php(351): CodeIgniter\\CodeIgniter->handleRequest(NULL, Object(Config\\Cache), false)
#5 C:\\Users\\Legato\\Desktop\\banco\\public\\index.php(67): CodeIgniter\\CodeIgniter->run()
#6 C:\\Users\\Legato\\Desktop\\banco\\system\\Commands\\Server\\rewrite.php(46): require_once(\'C:\\\\Users\\\\Legato...\')
#7 {main}', true, 500)
 3 SYSTEMPATH\HTTP\ResponseTrait.php(445): CodeIgniter\HTTP\Response->sendHeaders()
 4 SYSTEMPATH\CodeIgniter.php(461): CodeIgniter\HTTP\Response->send()
 5 SYSTEMPATH\CodeIgniter.php(351): CodeIgniter\CodeIgniter->handleRequest(null, Object(Config\Cache), false)
 6 FCPATH\index.php(67): CodeIgniter\CodeIgniter->run()
 7 SYSTEMPATH\Commands\Server\rewrite.php(46): require_once('FCPATH\\index.php')
CRITICAL - 2022-12-11 17:56:05 --> Header may not contain more than a single header, new line detected
in SYSTEMPATH\HTTP\ResponseTrait.php on line 471.
 1 [internal function]: CodeIgniter\Debug\Exceptions->errorHandler(2, 'Header may not contain more than a single header, new line detected', 'SYSTEMPATH\\HTTP\\ResponseTrait.php', 471)
 2 SYSTEMPATH\HTTP\ResponseTrait.php(471): header('HTTP/1.1 500 UnexpectedValueException: "kid" empty, unable to lookup correct key in C:\\Users\\Legato\\Desktop\\banco\\vendor\\firebase\\php-jwt\\src\\JWT.php:434
Stack trace:
#0 C:\\Users\\Legato\\Desktop\\banco\\vendor\\firebase\\php-jwt\\src\\JWT.php(128): Firebase\\JWT\\JWT::getKey(\'llave_secreta\', NULL)
#1 C:\\Users\\Legato\\Desktop\\banco\\app\\Filters\\AutenticacionFiltro.php(18): Firebase\\JWT\\JWT::decode(\'eyJ0eXAiOiJKV1Q...\', \'llave_secreta\', Array)
#2 C:\\Users\\Legato\\Desktop\\banco\\system\\Filters\\Filters.php(173): App\\Filters\\AutenticacionFiltro->before(Object(CodeIgniter\\HTTP\\IncomingRequest), NULL)
#3 C:\\Users\\Legato\\Desktop\\banco\\system\\CodeIgniter.php(455): CodeIgniter\\Filters\\Filters->run(\'api/clientes\', \'before\')
#4 C:\\Users\\Legato\\Desktop\\banco\\system\\CodeIgniter.php(351): CodeIgniter\\CodeIgniter->handleRequest(NULL, Object(Config\\Cache), false)
#5 C:\\Users\\Legato\\Desktop\\banco\\public\\index.php(67): CodeIgniter\\CodeIgniter->run()
#6 C:\\Users\\Legato\\Desktop\\banco\\system\\Commands\\Server\\rewrite.php(46): require_once(\'C:\\\\Users\\\\Legato...\')
#7 {main}', true, 500)
 3 SYSTEMPATH\HTTP\ResponseTrait.php(445): CodeIgniter\HTTP\Response->sendHeaders()
 4 SYSTEMPATH\CodeIgniter.php(461): CodeIgniter\HTTP\Response->send()
 5 SYSTEMPATH\CodeIgniter.php(351): CodeIgniter\CodeIgniter->handleRequest(null, Object(Config\Cache), false)
 6 FCPATH\index.php(67): CodeIgniter\CodeIgniter->run()
 7 SYSTEMPATH\Commands\Server\rewrite.php(46): require_once('FCPATH\\index.php')
CRITICAL - 2022-12-11 18:19:50 --> Header may not contain more than a single header, new line detected
in SYSTEMPATH\HTTP\ResponseTrait.php on line 471.
 1 [internal function]: CodeIgniter\Debug\Exceptions->errorHandler(2, 'Header may not contain more than a single header, new line detected', 'SYSTEMPATH\\HTTP\\ResponseTrait.php', 471)
 2 SYSTEMPATH\HTTP\ResponseTrait.php(471): header('HTTP/1.1 500 UnexpectedValueException: "kid" empty, unable to lookup correct key in C:\\Users\\Legato\\Desktop\\banco\\vendor\\firebase\\php-jwt\\src\\JWT.php:434
Stack trace:
#0 C:\\Users\\Legato\\Desktop\\banco\\vendor\\firebase\\php-jwt\\src\\JWT.php(128): Firebase\\JWT\\JWT::getKey(\'llave_secreta\', NULL)
#1 C:\\Users\\Legato\\Desktop\\banco\\app\\Filters\\AutenticacionFiltro.php(18): Firebase\\JWT\\JWT::decode(\'eyJ0eXAiOiJKV1Q...\', \'llave_secreta\', Array)
#2 C:\\Users\\Legato\\Desktop\\banco\\system\\Filters\\Filters.php(173): App\\Filters\\AutenticacionFiltro->before(Object(CodeIgniter\\HTTP\\IncomingRequest), NULL)
#3 C:\\Users\\Legato\\Desktop\\banco\\system\\CodeIgniter.php(455): CodeIgniter\\Filters\\Filters->run(\'api/clientes/\', \'before\')
#4 C:\\Users\\Legato\\Desktop\\banco\\system\\CodeIgniter.php(351): CodeIgniter\\CodeIgniter->handleRequest(NULL, Object(Config\\Cache), false)
#5 C:\\Users\\Legato\\Desktop\\banco\\public\\index.php(67): CodeIgniter\\CodeIgniter->run()
#6 C:\\Users\\Legato\\Desktop\\banco\\system\\Commands\\Server\\rewrite.php(46): require_once(\'C:\\\\Users\\\\Legato...\')
#7 {main}', true, 500)
 3 SYSTEMPATH\HTTP\ResponseTrait.php(445): CodeIgniter\HTTP\Response->sendHeaders()
 4 SYSTEMPATH\CodeIgniter.php(461): CodeIgniter\HTTP\Response->send()
 5 SYSTEMPATH\CodeIgniter.php(351): CodeIgniter\CodeIgniter->handleRequest(null, Object(Config\Cache), false)
 6 FCPATH\index.php(67): CodeIgniter\CodeIgniter->run()
 7 SYSTEMPATH\Commands\Server\rewrite.php(46): require_once('FCPATH\\index.php')
CRITICAL - 2022-12-11 18:23:38 --> Class "Config\App\Filters\AutenticacionFiltro" not found
in SYSTEMPATH\Filters\Filters.php on line 166.
 1 SYSTEMPATH\CodeIgniter.php(455): CodeIgniter\Filters\Filters->run('api/clientes', 'before')
 2 SYSTEMPATH\CodeIgniter.php(351): CodeIgniter\CodeIgniter->handleRequest(null, Object(Config\Cache), false)
 3 FCPATH\index.php(67): CodeIgniter\CodeIgniter->run()
 4 SYSTEMPATH\Commands\Server\rewrite.php(46): require_once('FCPATH\\index.php')
CRITICAL - 2022-12-11 18:25:14 --> Header may not contain more than a single header, new line detected
in SYSTEMPATH\HTTP\ResponseTrait.php on line 471.
 1 [internal function]: CodeIgniter\Debug\Exceptions->errorHandler(2, 'Header may not contain more than a single header, new line detected', 'SYSTEMPATH\\HTTP\\ResponseTrait.php', 471)
 2 SYSTEMPATH\HTTP\ResponseTrait.php(471): header('HTTP/1.1 500 UnexpectedValueException: "kid" empty, unable to lookup correct key in C:\\Users\\Legato\\Desktop\\banco\\vendor\\firebase\\php-jwt\\src\\JWT.php:434
Stack trace:
#0 C:\\Users\\Legato\\Desktop\\banco\\vendor\\firebase\\php-jwt\\src\\JWT.php(128): Firebase\\JWT\\JWT::getKey(\'llave_secreta\', NULL)
#1 C:\\Users\\Legato\\Desktop\\banco\\app\\Filters\\AutenticacionFiltro.php(18): Firebase\\JWT\\JWT::decode(\'eyJ0eXAiOiJKV1Q...\', \'llave_secreta\', Array)
#2 C:\\Users\\Legato\\Desktop\\banco\\system\\Filters\\Filters.php(173): App\\Filters\\AutenticacionFiltro->before(Object(CodeIgniter\\HTTP\\IncomingRequest), NULL)
#3 C:\\Users\\Legato\\Desktop\\banco\\system\\CodeIgniter.php(455): CodeIgniter\\Filters\\Filters->run(\'api/clientes\', \'before\')
#4 C:\\Users\\Legato\\Desktop\\banco\\system\\CodeIgniter.php(351): CodeIgniter\\CodeIgniter->handleRequest(NULL, Object(Config\\Cache), false)
#5 C:\\Users\\Legato\\Desktop\\banco\\public\\index.php(67): CodeIgniter\\CodeIgniter->run()
#6 C:\\Users\\Legato\\Desktop\\banco\\system\\Commands\\Server\\rewrite.php(46): require_once(\'C:\\\\Users\\\\Legato...\')
#7 {main}', true, 500)
 3 SYSTEMPATH\HTTP\ResponseTrait.php(445): CodeIgniter\HTTP\Response->sendHeaders()
 4 SYSTEMPATH\CodeIgniter.php(461): CodeIgniter\HTTP\Response->send()
 5 SYSTEMPATH\CodeIgniter.php(351): CodeIgniter\CodeIgniter->handleRequest(null, Object(Config\Cache), false)
 6 FCPATH\index.php(67): CodeIgniter\CodeIgniter->run()
 7 SYSTEMPATH\Commands\Server\rewrite.php(46): require_once('FCPATH\\index.php')
CRITICAL - 2022-12-11 18:29:36 --> Header may not contain more than a single header, new line detected
in SYSTEMPATH\HTTP\ResponseTrait.php on line 471.
 1 [internal function]: CodeIgniter\Debug\Exceptions->errorHandler(2, 'Header may not contain more than a single header, new line detected', 'SYSTEMPATH\\HTTP\\ResponseTrait.php', 471)
 2 SYSTEMPATH\HTTP\ResponseTrait.php(471): header('HTTP/1.1 500 UnexpectedValueException: "kid" empty, unable to lookup correct key in C:\\Users\\Legato\\Desktop\\banco\\vendor\\firebase\\php-jwt\\src\\JWT.php:434
Stack trace:
#0 C:\\Users\\Legato\\Desktop\\banco\\vendor\\firebase\\php-jwt\\src\\JWT.php(128): Firebase\\JWT\\JWT::getKey(\'llave_secreta\', NULL)
#1 C:\\Users\\Legato\\Desktop\\banco\\app\\Filters\\AutenticacionFiltro.php(18): Firebase\\JWT\\JWT::decode(\'eyJ0eXAiOiJKV1Q...\', \'llave_secreta\', Array)
#2 C:\\Users\\Legato\\Desktop\\banco\\system\\Filters\\Filters.php(173): App\\Filters\\AutenticacionFiltro->before(Object(CodeIgniter\\HTTP\\IncomingRequest), NULL)
#3 C:\\Users\\Legato\\Desktop\\banco\\system\\CodeIgniter.php(455): CodeIgniter\\Filters\\Filters->run(\'api/clientes\', \'before\')
#4 C:\\Users\\Legato\\Desktop\\banco\\system\\CodeIgniter.php(351): CodeIgniter\\CodeIgniter->handleRequest(NULL, Object(Config\\Cache), false)
#5 C:\\Users\\Legato\\Desktop\\banco\\public\\index.php(67): CodeIgniter\\CodeIgniter->run()
#6 C:\\Users\\Legato\\Desktop\\banco\\system\\Commands\\Server\\rewrite.php(46): require_once(\'C:\\\\Users\\\\Legato...\')
#7 {main}', true, 500)
 3 SYSTEMPATH\HTTP\ResponseTrait.php(445): CodeIgniter\HTTP\Response->sendHeaders()
 4 SYSTEMPATH\CodeIgniter.php(461): CodeIgniter\HTTP\Response->send()
 5 SYSTEMPATH\CodeIgniter.php(351): CodeIgniter\CodeIgniter->handleRequest(null, Object(Config\Cache), false)
 6 FCPATH\index.php(67): CodeIgniter\CodeIgniter->run()
 7 SYSTEMPATH\Commands\Server\rewrite.php(46): require_once('FCPATH\\index.php')
CRITICAL - 2022-12-11 18:30:01 --> Header may not contain more than a single header, new line detected
in SYSTEMPATH\HTTP\ResponseTrait.php on line 471.
 1 [internal function]: CodeIgniter\Debug\Exceptions->errorHandler(2, 'Header may not contain more than a single header, new line detected', 'SYSTEMPATH\\HTTP\\ResponseTrait.php', 471)
 2 SYSTEMPATH\HTTP\ResponseTrait.php(471): header('HTTP/1.1 500 UnexpectedValueException: "kid" empty, unable to lookup correct key in C:\\Users\\Legato\\Desktop\\banco\\vendor\\firebase\\php-jwt\\src\\JWT.php:434
Stack trace:
#0 C:\\Users\\Legato\\Desktop\\banco\\vendor\\firebase\\php-jwt\\src\\JWT.php(128): Firebase\\JWT\\JWT::getKey(\'llave_secreta\', NULL)
#1 C:\\Users\\Legato\\Desktop\\banco\\app\\Filters\\AutenticacionFiltro.php(18): Firebase\\JWT\\JWT::decode(\'eyJ0eXAiOiJKV1Q...\', \'llave_secreta\', Array)
#2 C:\\Users\\Legato\\Desktop\\banco\\system\\Filters\\Filters.php(173): App\\Filters\\AutenticacionFiltro->before(Object(CodeIgniter\\HTTP\\IncomingRequest), NULL)
#3 C:\\Users\\Legato\\Desktop\\banco\\system\\CodeIgniter.php(455): CodeIgniter\\Filters\\Filters->run(\'api/clientes\', \'before\')
#4 C:\\Users\\Legato\\Desktop\\banco\\system\\CodeIgniter.php(351): CodeIgniter\\CodeIgniter->handleRequest(NULL, Object(Config\\Cache), false)
#5 C:\\Users\\Legato\\Desktop\\banco\\public\\index.php(67): CodeIgniter\\CodeIgniter->run()
#6 C:\\Users\\Legato\\Desktop\\banco\\system\\Commands\\Server\\rewrite.php(46): require_once(\'C:\\\\Users\\\\Legato...\')
#7 {main}', true, 500)
 3 SYSTEMPATH\HTTP\ResponseTrait.php(445): CodeIgniter\HTTP\Response->sendHeaders()
 4 SYSTEMPATH\CodeIgniter.php(461): CodeIgniter\HTTP\Response->send()
 5 SYSTEMPATH\CodeIgniter.php(351): CodeIgniter\CodeIgniter->handleRequest(null, Object(Config\Cache), false)
 6 FCPATH\index.php(67): CodeIgniter\CodeIgniter->run()
 7 SYSTEMPATH\Commands\Server\rewrite.php(46): require_once('FCPATH\\index.php')
CRITICAL - 2022-12-11 18:31:37 --> Header may not contain more than a single header, new line detected
in SYSTEMPATH\HTTP\ResponseTrait.php on line 471.
 1 [internal function]: CodeIgniter\Debug\Exceptions->errorHandler(2, 'Header may not contain more than a single header, new line detected', 'SYSTEMPATH\\HTTP\\ResponseTrait.php', 471)
 2 SYSTEMPATH\HTTP\ResponseTrait.php(471): header('HTTP/1.1 500 UnexpectedValueException: "kid" empty, unable to lookup correct key in C:\\Users\\Legato\\Desktop\\banco\\vendor\\firebase\\php-jwt\\src\\JWT.php:434
Stack trace:
#0 C:\\Users\\Legato\\Desktop\\banco\\vendor\\firebase\\php-jwt\\src\\JWT.php(128): Firebase\\JWT\\JWT::getKey(\'llave_secreta\', NULL)
#1 C:\\Users\\Legato\\Desktop\\banco\\app\\Filters\\AutenticacionFiltro.php(18): Firebase\\JWT\\JWT::decode(\'eyJ0eXAiOiJKV1Q...\', \'llave_secreta\', Array)
#2 C:\\Users\\Legato\\Desktop\\banco\\system\\Filters\\Filters.php(173): App\\Filters\\AutenticacionFiltro->before(Object(CodeIgniter\\HTTP\\IncomingRequest), NULL)
#3 C:\\Users\\Legato\\Desktop\\banco\\system\\CodeIgniter.php(455): CodeIgniter\\Filters\\Filters->run(\'api/clientes\', \'before\')
#4 C:\\Users\\Legato\\Desktop\\banco\\system\\CodeIgniter.php(351): CodeIgniter\\CodeIgniter->handleRequest(NULL, Object(Config\\Cache), false)
#5 C:\\Users\\Legato\\Desktop\\banco\\public\\index.php(67): CodeIgniter\\CodeIgniter->run()
#6 C:\\Users\\Legato\\Desktop\\banco\\system\\Commands\\Server\\rewrite.php(46): require_once(\'C:\\\\Users\\\\Legato...\')
#7 {main}', true, 500)
 3 SYSTEMPATH\HTTP\ResponseTrait.php(445): CodeIgniter\HTTP\Response->sendHeaders()
 4 SYSTEMPATH\CodeIgniter.php(461): CodeIgniter\HTTP\Response->send()
 5 SYSTEMPATH\CodeIgniter.php(351): CodeIgniter\CodeIgniter->handleRequest(null, Object(Config\Cache), false)
 6 FCPATH\index.php(67): CodeIgniter\CodeIgniter->run()
 7 SYSTEMPATH\Commands\Server\rewrite.php(46): require_once('FCPATH\\index.php')
CRITICAL - 2022-12-11 18:40:41 --> Header may not contain more than a single header, new line detected
in SYSTEMPATH\HTTP\ResponseTrait.php on line 471.
 1 [internal function]: CodeIgniter\Debug\Exceptions->errorHandler(2, 'Header may not contain more than a single header, new line detected', 'SYSTEMPATH\\HTTP\\ResponseTrait.php', 471)
 2 SYSTEMPATH\HTTP\ResponseTrait.php(471): header('HTTP/1.1 500 UnexpectedValueException: "kid" empty, unable to lookup correct key in C:\\Users\\Legato\\Desktop\\banco\\vendor\\firebase\\php-jwt\\src\\JWT.php:434
Stack trace:
#0 C:\\Users\\Legato\\Desktop\\banco\\vendor\\firebase\\php-jwt\\src\\JWT.php(128): Firebase\\JWT\\JWT::getKey(\'llave_secreta\', NULL)
#1 C:\\Users\\Legato\\Desktop\\banco\\app\\Filters\\AutenticacionFiltro.php(18): Firebase\\JWT\\JWT::decode(\'eyJ0eXAiOiJKV1Q...\', \'llave_secreta\', Array)
#2 C:\\Users\\Legato\\Desktop\\banco\\system\\Filters\\Filters.php(173): App\\Filters\\AutenticacionFiltro->before(Object(CodeIgniter\\HTTP\\IncomingRequest), NULL)
#3 C:\\Users\\Legato\\Desktop\\banco\\system\\CodeIgniter.php(455): CodeIgniter\\Filters\\Filters->run(\'api/clientes\', \'before\')
#4 C:\\Users\\Legato\\Desktop\\banco\\system\\CodeIgniter.php(351): CodeIgniter\\CodeIgniter->handleRequest(NULL, Object(Config\\Cache), false)
#5 C:\\Users\\Legato\\Desktop\\banco\\public\\index.php(67): CodeIgniter\\CodeIgniter->run()
#6 C:\\Users\\Legato\\Desktop\\banco\\system\\Commands\\Server\\rewrite.php(46): require_once(\'C:\\\\Users\\\\Legato...\')
#7 {main}', true, 500)
 3 SYSTEMPATH\HTTP\ResponseTrait.php(445): CodeIgniter\HTTP\Response->sendHeaders()
 4 SYSTEMPATH\CodeIgniter.php(461): CodeIgniter\HTTP\Response->send()
 5 SYSTEMPATH\CodeIgniter.php(351): CodeIgniter\CodeIgniter->handleRequest(null, Object(Config\Cache), false)
 6 FCPATH\index.php(67): CodeIgniter\CodeIgniter->run()
 7 SYSTEMPATH\Commands\Server\rewrite.php(46): require_once('FCPATH\\index.php')
CRITICAL - 2022-12-11 18:46:34 --> Header may not contain more than a single header, new line detected
in SYSTEMPATH\HTTP\ResponseTrait.php on line 471.
 1 [internal function]: CodeIgniter\Debug\Exceptions->errorHandler(2, 'Header may not contain more than a single header, new line detected', 'SYSTEMPATH\\HTTP\\ResponseTrait.php', 471)
 2 SYSTEMPATH\HTTP\ResponseTrait.php(471): header('HTTP/1.1 500 UnexpectedValueException: "kid" empty, unable to lookup correct key in C:\\Users\\Legato\\Desktop\\banco\\vendor\\firebase\\php-jwt\\src\\JWT.php:434
Stack trace:
#0 C:\\Users\\Legato\\Desktop\\banco\\vendor\\firebase\\php-jwt\\src\\JWT.php(128): Firebase\\JWT\\JWT::getKey(\'llave_secreta\', NULL)
#1 C:\\Users\\Legato\\Desktop\\banco\\app\\Filters\\AutenticacionFiltro.php(18): Firebase\\JWT\\JWT::decode(\'eyJ0eXAiOiJKV1Q...\', \'llave_secreta\', Array)
#2 C:\\Users\\Legato\\Desktop\\banco\\system\\Filters\\Filters.php(173): App\\Filters\\AutenticacionFiltro->before(Object(CodeIgniter\\HTTP\\IncomingRequest), NULL)
#3 C:\\Users\\Legato\\Desktop\\banco\\system\\CodeIgniter.php(455): CodeIgniter\\Filters\\Filters->run(\'api/clientes\', \'before\')
#4 C:\\Users\\Legato\\Desktop\\banco\\system\\CodeIgniter.php(351): CodeIgniter\\CodeIgniter->handleRequest(NULL, Object(Config\\Cache), false)
#5 C:\\Users\\Legato\\Desktop\\banco\\public\\index.php(67): CodeIgniter\\CodeIgniter->run()
#6 C:\\Users\\Legato\\Desktop\\banco\\system\\Commands\\Server\\rewrite.php(46): require_once(\'C:\\\\Users\\\\Legato...\')
#7 {main}', true, 500)
 3 SYSTEMPATH\HTTP\ResponseTrait.php(445): CodeIgniter\HTTP\Response->sendHeaders()
 4 SYSTEMPATH\CodeIgniter.php(461): CodeIgniter\HTTP\Response->send()
 5 SYSTEMPATH\CodeIgniter.php(351): CodeIgniter\CodeIgniter->handleRequest(null, Object(Config\Cache), false)
 6 FCPATH\index.php(67): CodeIgniter\CodeIgniter->run()
 7 SYSTEMPATH\Commands\Server\rewrite.php(46): require_once('FCPATH\\index.php')
CRITICAL - 2022-12-11 18:48:39 --> Header may not contain more than a single header, new line detected
in SYSTEMPATH\HTTP\ResponseTrait.php on line 471.
 1 [internal function]: CodeIgniter\Debug\Exceptions->errorHandler(2, 'Header may not contain more than a single header, new line detected', 'SYSTEMPATH\\HTTP\\ResponseTrait.php', 471)
 2 SYSTEMPATH\HTTP\ResponseTrait.php(471): header('HTTP/1.1 500 UnexpectedValueException: "kid" empty, unable to lookup correct key in C:\\Users\\Legato\\Desktop\\banco\\vendor\\firebase\\php-jwt\\src\\JWT.php:434
Stack trace:
#0 C:\\Users\\Legato\\Desktop\\banco\\vendor\\firebase\\php-jwt\\src\\JWT.php(128): Firebase\\JWT\\JWT::getKey(\'llavesecreta\', NULL)
#1 C:\\Users\\Legato\\Desktop\\banco\\app\\Filters\\AutenticacionFiltro.php(18): Firebase\\JWT\\JWT::decode(\'eyJ0eXAiOiJKV1Q...\', \'llavesecreta\', Array)
#2 C:\\Users\\Legato\\Desktop\\banco\\system\\Filters\\Filters.php(173): App\\Filters\\AutenticacionFiltro->before(Object(CodeIgniter\\HTTP\\IncomingRequest), NULL)
#3 C:\\Users\\Legato\\Desktop\\banco\\system\\CodeIgniter.php(455): CodeIgniter\\Filters\\Filters->run(\'api/clientes\', \'before\')
#4 C:\\Users\\Legato\\Desktop\\banco\\system\\CodeIgniter.php(351): CodeIgniter\\CodeIgniter->handleRequest(NULL, Object(Config\\Cache), false)
#5 C:\\Users\\Legato\\Desktop\\banco\\public\\index.php(67): CodeIgniter\\CodeIgniter->run()
#6 C:\\Users\\Legato\\Desktop\\banco\\system\\Commands\\Server\\rewrite.php(46): require_once(\'C:\\\\Users\\\\Legato...\')
#7 {main}', true, 500)
 3 SYSTEMPATH\HTTP\ResponseTrait.php(445): CodeIgniter\HTTP\Response->sendHeaders()
 4 SYSTEMPATH\CodeIgniter.php(461): CodeIgniter\HTTP\Response->send()
 5 SYSTEMPATH\CodeIgniter.php(351): CodeIgniter\CodeIgniter->handleRequest(null, Object(Config\Cache), false)
 6 FCPATH\index.php(67): CodeIgniter\CodeIgniter->run()
 7 SYSTEMPATH\Commands\Server\rewrite.php(46): require_once('FCPATH\\index.php')
CRITICAL - 2022-12-11 18:51:01 --> Header may not contain more than a single header, new line detected
in SYSTEMPATH\HTTP\ResponseTrait.php on line 471.
 1 [internal function]: CodeIgniter\Debug\Exceptions->errorHandler(2, 'Header may not contain more than a single header, new line detected', 'SYSTEMPATH\\HTTP\\ResponseTrait.php', 471)
 2 SYSTEMPATH\HTTP\ResponseTrait.php(471): header('HTTP/1.1 500 UnexpectedValueException: "kid" empty, unable to lookup correct key in C:\\Users\\Legato\\Desktop\\banco\\vendor\\firebase\\php-jwt\\src\\JWT.php:434
Stack trace:
#0 C:\\Users\\Legato\\Desktop\\banco\\vendor\\firebase\\php-jwt\\src\\JWT.php(128): Firebase\\JWT\\JWT::getKey(\'llavesecreta\', NULL)
#1 C:\\Users\\Legato\\Desktop\\banco\\app\\Filters\\AutenticacionFiltro.php(18): Firebase\\JWT\\JWT::decode(\'eyJ0eXAiOiJKV1Q...\', \'llavesecreta\', Array)
#2 C:\\Users\\Legato\\Desktop\\banco\\system\\Filters\\Filters.php(173): App\\Filters\\AutenticacionFiltro->before(Object(CodeIgniter\\HTTP\\IncomingRequest), NULL)
#3 C:\\Users\\Legato\\Desktop\\banco\\system\\CodeIgniter.php(455): CodeIgniter\\Filters\\Filters->run(\'api/clientes\', \'before\')
#4 C:\\Users\\Legato\\Desktop\\banco\\system\\CodeIgniter.php(351): CodeIgniter\\CodeIgniter->handleRequest(NULL, Object(Config\\Cache), false)
#5 C:\\Users\\Legato\\Desktop\\banco\\public\\index.php(67): CodeIgniter\\CodeIgniter->run()
#6 C:\\Users\\Legato\\Desktop\\banco\\system\\Commands\\Server\\rewrite.php(46): require_once(\'C:\\\\Users\\\\Legato...\')
#7 {main}', true, 500)
 3 SYSTEMPATH\HTTP\ResponseTrait.php(445): CodeIgniter\HTTP\Response->sendHeaders()
 4 SYSTEMPATH\CodeIgniter.php(461): CodeIgniter\HTTP\Response->send()
 5 SYSTEMPATH\CodeIgniter.php(351): CodeIgniter\CodeIgniter->handleRequest(null, Object(Config\Cache), false)
 6 FCPATH\index.php(67): CodeIgniter\CodeIgniter->run()
 7 SYSTEMPATH\Commands\Server\rewrite.php(46): require_once('FCPATH\\index.php')
CRITICAL - 2022-12-11 18:53:01 --> Header may not contain more than a single header, new line detected
in SYSTEMPATH\HTTP\ResponseTrait.php on line 471.
 1 [internal function]: CodeIgniter\Debug\Exceptions->errorHandler(2, 'Header may not contain more than a single header, new line detected', 'SYSTEMPATH\\HTTP\\ResponseTrait.php', 471)
 2 SYSTEMPATH\HTTP\ResponseTrait.php(471): header('HTTP/1.1 500 UnexpectedValueException: "kid" empty, unable to lookup correct key in C:\\Users\\Legato\\Desktop\\banco\\vendor\\firebase\\php-jwt\\src\\JWT.php:434
Stack trace:
#0 C:\\Users\\Legato\\Desktop\\banco\\vendor\\firebase\\php-jwt\\src\\JWT.php(128): Firebase\\JWT\\JWT::getKey(\'llavesecreta\', NULL)
#1 C:\\Users\\Legato\\Desktop\\banco\\app\\Filters\\AutenticacionFiltro.php(18): Firebase\\JWT\\JWT::decode(\'eyJ0eXAiOiJKV1Q...\', \'llavesecreta\', Array)
#2 C:\\Users\\Legato\\Desktop\\banco\\system\\Filters\\Filters.php(173): App\\Filters\\AutenticacionFiltro->before(Object(CodeIgniter\\HTTP\\IncomingRequest), NULL)
#3 C:\\Users\\Legato\\Desktop\\banco\\system\\CodeIgniter.php(455): CodeIgniter\\Filters\\Filters->run(\'api/clientes\', \'before\')
#4 C:\\Users\\Legato\\Desktop\\banco\\system\\CodeIgniter.php(351): CodeIgniter\\CodeIgniter->handleRequest(NULL, Object(Config\\Cache), false)
#5 C:\\Users\\Legato\\Desktop\\banco\\public\\index.php(67): CodeIgniter\\CodeIgniter->run()
#6 C:\\Users\\Legato\\Desktop\\banco\\system\\Commands\\Server\\rewrite.php(46): require_once(\'C:\\\\Users\\\\Legato...\')
#7 {main}', true, 500)
 3 SYSTEMPATH\HTTP\ResponseTrait.php(445): CodeIgniter\HTTP\Response->sendHeaders()
 4 SYSTEMPATH\CodeIgniter.php(461): CodeIgniter\HTTP\Response->send()
 5 SYSTEMPATH\CodeIgniter.php(351): CodeIgniter\CodeIgniter->handleRequest(null, Object(Config\Cache), false)
 6 FCPATH\index.php(67): CodeIgniter\CodeIgniter->run()
 7 SYSTEMPATH\Commands\Server\rewrite.php(46): require_once('FCPATH\\index.php')
CRITICAL - 2022-12-11 18:59:23 --> Header may not contain more than a single header, new line detected
in SYSTEMPATH\HTTP\ResponseTrait.php on line 471.
 1 [internal function]: CodeIgniter\Debug\Exceptions->errorHandler(2, 'Header may not contain more than a single header, new line detected', 'SYSTEMPATH\\HTTP\\ResponseTrait.php', 471)
 2 SYSTEMPATH\HTTP\ResponseTrait.php(471): header('HTTP/1.1 500 UnexpectedValueException: "kid" empty, unable to lookup correct key in C:\\Users\\Legato\\Desktop\\banco\\vendor\\firebase\\php-jwt\\src\\JWT.php:434
Stack trace:
#0 C:\\Users\\Legato\\Desktop\\banco\\vendor\\firebase\\php-jwt\\src\\JWT.php(128): Firebase\\JWT\\JWT::getKey(\'JWT LLAVE SECRE...\', NULL)
#1 C:\\Users\\Legato\\Desktop\\banco\\app\\Filters\\AutenticacionFiltro.php(18): Firebase\\JWT\\JWT::decode(\'eyJ0eXAiOiJKV1Q...\', \'JWT LLAVE SECRE...\', Array)
#2 C:\\Users\\Legato\\Desktop\\banco\\system\\Filters\\Filters.php(173): App\\Filters\\AutenticacionFiltro->before(Object(CodeIgniter\\HTTP\\IncomingRequest), NULL)
#3 C:\\Users\\Legato\\Desktop\\banco\\system\\CodeIgniter.php(455): CodeIgniter\\Filters\\Filters->run(\'api/clientes\', \'before\')
#4 C:\\Users\\Legato\\Desktop\\banco\\system\\CodeIgniter.php(351): CodeIgniter\\CodeIgniter->handleRequest(NULL, Object(Config\\Cache), false)
#5 C:\\Users\\Legato\\Desktop\\banco\\public\\index.php(67): CodeIgniter\\CodeIgniter->run()
#6 C:\\Users\\Legato\\Desktop\\banco\\system\\Commands\\Server\\rewrite.php(46): require_once(\'C:\\\\Users\\\\Legato...\')
#7 {main}', true, 500)
 3 SYSTEMPATH\HTTP\ResponseTrait.php(445): CodeIgniter\HTTP\Response->sendHeaders()
 4 SYSTEMPATH\CodeIgniter.php(461): CodeIgniter\HTTP\Response->send()
 5 SYSTEMPATH\CodeIgniter.php(351): CodeIgniter\CodeIgniter->handleRequest(null, Object(Config\Cache), false)
 6 FCPATH\index.php(67): CodeIgniter\CodeIgniter->run()
 7 SYSTEMPATH\Commands\Server\rewrite.php(46): require_once('FCPATH\\index.php')
CRITICAL - 2022-12-11 19:09:25 --> Class "App\Filters\AutenticacionFiltro" not found
in SYSTEMPATH\Filters\Filters.php on line 166.
 1 SYSTEMPATH\CodeIgniter.php(455): CodeIgniter\Filters\Filters->run('api/clientes', 'before')
 2 SYSTEMPATH\CodeIgniter.php(351): CodeIgniter\CodeIgniter->handleRequest(null, Object(Config\Cache), false)
 3 FCPATH\index.php(67): CodeIgniter\CodeIgniter->run()
 4 SYSTEMPATH\Commands\Server\rewrite.php(46): require_once('FCPATH\\index.php')
CRITICAL - 2022-12-11 19:14:19 --> Expired token
in VENDORPATH\firebase\php-jwt\src\JWT.php on line 162.
 1 APPPATH\Filters\AutFiltro.php(47): Firebase\JWT\JWT::decode('eyJ0eXAiOiJKV1QiLCJhbGciOiJIUzI1NiJ9.eyJhdWQiOiJodHRwOi8vbG9jYWxob3N0OjgwODAiLCJpYXQiOjE2NzA4MDY3MDUsImV4cCI6MTY3MDgwNzMwNSwiZGF0YSI6eyJub21icmUiOiJsZWdhdG8iLCJ1c3VhcmlvIjoibGVnYXRvIiwicm9sIjoiMSJ9fQ.l8Prv-h77YJwz0S0VwSl7aSo9pgHXXkwDyxNRZRqSnI', Object(Firebase\JWT\Key))
 2 SYSTEMPATH\Filters\Filters.php(173): App\Filters\AutFiltro->before(Object(CodeIgniter\HTTP\IncomingRequest), null)
 3 SYSTEMPATH\CodeIgniter.php(455): CodeIgniter\Filters\Filters->run('api/clientes', 'before')
 4 SYSTEMPATH\CodeIgniter.php(351): CodeIgniter\CodeIgniter->handleRequest(null, Object(Config\Cache), false)
 5 FCPATH\index.php(67): CodeIgniter\CodeIgniter->run()
 6 SYSTEMPATH\Commands\Server\rewrite.php(46): require_once('FCPATH\\index.php')
CRITICAL - 2022-12-11 19:23:04 --> Unexpected control character found
in VENDORPATH\firebase\php-jwt\src\JWT.php on line 482.
 1 VENDORPATH\firebase\php-jwt\src\JWT.php(343): Firebase\JWT\JWT::handleJsonError(3)
 2 VENDORPATH\firebase\php-jwt\src\JWT.php(106): Firebase\JWT\JWT::jsonDecode('{"typ":"JWT","[Èˆ’ÌMˆŸ')
 3 APPPATH\Filters\AutFiltro.php(47): Firebase\JWT\JWT::decode('eyJ0eXAiOiJKV1QiLCJbGciOiJIUzI1NiJ9.eyJhdWQiOiJodHRwOi8vbG9jYWxob3N0OjgwODAiLCJpYXQiOjE2NzA4MDc2ODAsImV4cCI6MTY3MDgxMTI4MCwiZGF0YSI6eyJub21icmUiOiJsZWdhdG8iLCJ1c3VhcmlvIjoibGVnYXRvIiwicm9sIjoiMSJ9fQ.FeLSMVTQf8-ah9-XTLpFJUPfjyhBIRd1Ljwbl8khR1I', Object(Firebase\JWT\Key))
 4 SYSTEMPATH\Filters\Filters.php(173): App\Filters\AutFiltro->before(Object(CodeIgniter\HTTP\IncomingRequest), null)
 5 SYSTEMPATH\CodeIgniter.php(455): CodeIgniter\Filters\Filters->run('api/clientes', 'before')
 6 SYSTEMPATH\CodeIgniter.php(351): CodeIgniter\CodeIgniter->handleRequest(null, Object(Config\Cache), false)
 7 FCPATH\index.php(67): CodeIgniter\CodeIgniter->run()
 8 SYSTEMPATH\Commands\Server\rewrite.php(46): require_once('FCPATH\\index.php')
CRITICAL - 2022-12-11 19:23:04 --> Uncaught CodeIgniter\Format\Exceptions\FormatException: Fallo al parsear la cadena JSON, error: "Malformed UTF-8 characters, possibly incorrectly encoded". in C:\Users\Legato\Desktop\banco\system\Format\JSONFormatter.php:41
Stack trace:
#0 C:\Users\Legato\Desktop\banco\system\Format\JSONFormatter.php(41): CodeIgniter\Format\Exceptions\FormatException::forInvalidJSON('Malformed UTF-8...')
#1 C:\Users\Legato\Desktop\banco\system\API\ResponseTrait.php(348): CodeIgniter\Format\JSONFormatter->format(Array)
#2 C:\Users\Legato\Desktop\banco\system\API\ResponseTrait.php(99): CodeIgniter\Debug\Exceptions->format(Array)
#3 C:\Users\Legato\Desktop\banco\system\Debug\Exceptions.php(133): CodeIgniter\Debug\Exceptions->respond(Array, 500)
#4 [internal function]: CodeIgniter\Debug\Exceptions->exceptionHandler(Object(DomainException))
#5 {main}
  thrown
in SYSTEMPATH\Format\JSONFormatter.php on line 41.
 1 [internal function]: CodeIgniter\Debug\Exceptions->shutdownHandler()
CRITICAL - 2022-12-11 19:28:32 --> Unexpected control character found
in VENDORPATH\firebase\php-jwt\src\JWT.php on line 482.
 1 VENDORPATH\firebase\php-jwt\src\JWT.php(343): Firebase\JWT\JWT::handleJsonError(3)
 2 VENDORPATH\firebase\php-jwt\src\JWT.php(106): Firebase\JWT\JWT::jsonDecode('{"typ":"JWT","[Èˆ’ÌMˆŸ')
 3 APPPATH\Filters\AutFiltro.php(48): Firebase\JWT\JWT::decode('eyJ0eXAiOiJKV1QiLCJbGciOiJIUzI1NiJ9.eyJhdWQiOiJodHRwOi8vbG9jYWxob3N0OjgwODAiLCJpYXQiOjE2NzA4MDc2ODAsImV4cCI6MTY3MDgxMTI4MCwiZGF0YSI6eyJub21icmUiOiJsZWdhdG8iLCJ1c3VhcmlvIjoibGVnYXRvIiwicm9sIjoiMSJ9fQ.FeLSMVTQf8-ah9-XTLpFJUPfjyhBIRd1Ljwbl8khR1I', Object(Firebase\JWT\Key))
 4 SYSTEMPATH\Filters\Filters.php(173): App\Filters\AutFiltro->before(Object(CodeIgniter\HTTP\IncomingRequest), null)
 5 SYSTEMPATH\CodeIgniter.php(455): CodeIgniter\Filters\Filters->run('api/clientes', 'before')
 6 SYSTEMPATH\CodeIgniter.php(351): CodeIgniter\CodeIgniter->handleRequest(null, Object(Config\Cache), false)
 7 FCPATH\index.php(67): CodeIgniter\CodeIgniter->run()
 8 SYSTEMPATH\Commands\Server\rewrite.php(46): require_once('FCPATH\\index.php')
CRITICAL - 2022-12-11 19:28:32 --> Uncaught CodeIgniter\Format\Exceptions\FormatException: Fallo al parsear la cadena JSON, error: "Malformed UTF-8 characters, possibly incorrectly encoded". in C:\Users\Legato\Desktop\banco\system\Format\JSONFormatter.php:41
Stack trace:
#0 C:\Users\Legato\Desktop\banco\system\Format\JSONFormatter.php(41): CodeIgniter\Format\Exceptions\FormatException::forInvalidJSON('Malformed UTF-8...')
#1 C:\Users\Legato\Desktop\banco\system\API\ResponseTrait.php(348): CodeIgniter\Format\JSONFormatter->format(Array)
#2 C:\Users\Legato\Desktop\banco\system\API\ResponseTrait.php(99): CodeIgniter\Debug\Exceptions->format(Array)
#3 C:\Users\Legato\Desktop\banco\system\Debug\Exceptions.php(133): CodeIgniter\Debug\Exceptions->respond(Array, 500)
#4 [internal function]: CodeIgniter\Debug\Exceptions->exceptionHandler(Object(DomainException))
#5 {main}
  thrown
in SYSTEMPATH\Format\JSONFormatter.php on line 41.
 1 [internal function]: CodeIgniter\Debug\Exceptions->shutdownHandler()
CRITICAL - 2022-12-11 19:50:22 --> Expired token
in VENDORPATH\firebase\php-jwt\src\JWT.php on line 162.
 1 APPPATH\Filters\AutFiltro.php(44): Firebase\JWT\JWT::decode('eyJ0eXAiOiJKV1QiLCJhbGciOiJIUzI1NiJ9.eyJhdWQiOiJodHRwOi8vbG9jYWxob3N0OjgwODAiLCJpYXQiOjE2NzA4MDkzODcsImV4cCI6MTY3MDgwOTQ0NywiZGF0YSI6eyJub21icmUiOiJsZWdhdG8iLCJ1c3VhcmlvIjoibGVnYXRvIiwicm9sIjoiMSJ9fQ.KIhvHehBufroV9LAlKGuVmu6JB0tdjqgq09jSS_l0to', Object(Firebase\JWT\Key))
 2 SYSTEMPATH\Filters\Filters.php(173): App\Filters\AutFiltro->before(Object(CodeIgniter\HTTP\IncomingRequest), null)
 3 SYSTEMPATH\CodeIgniter.php(455): CodeIgniter\Filters\Filters->run('api/clientes', 'before')
 4 SYSTEMPATH\CodeIgniter.php(351): CodeIgniter\CodeIgniter->handleRequest(null, Object(Config\Cache), false)
 5 FCPATH\index.php(67): CodeIgniter\CodeIgniter->run()
 6 SYSTEMPATH\Commands\Server\rewrite.php(46): require_once('FCPATH\\index.php')
CRITICAL - 2022-12-11 20:12:14 --> Header may not contain more than a single header, new line detected
in SYSTEMPATH\HTTP\ResponseTrait.php on line 471.
 1 [internal function]: CodeIgniter\Debug\Exceptions->errorHandler(2, 'Header may not contain more than a single header, new line detected', 'SYSTEMPATH\\HTTP\\ResponseTrait.php', 471)
 2 SYSTEMPATH\HTTP\ResponseTrait.php(471): header('HTTP/1.1 500 Firebase\\JWT\\ExpiredException: Expired token in C:\\Users\\Legato\\Desktop\\banco\\vendor\\firebase\\php-jwt\\src\\JWT.php:162
Stack trace:
#0 C:\\Users\\Legato\\Desktop\\banco\\app\\Filters\\AutFiltro.php(44): Firebase\\JWT\\JWT::decode(\'eyJ0eXAiOiJKV1Q...\', Object(Firebase\\JWT\\Key))
#1 C:\\Users\\Legato\\Desktop\\banco\\system\\Filters\\Filters.php(173): App\\Filters\\AutFiltro->before(Object(CodeIgniter\\HTTP\\IncomingRequest), NULL)
#2 C:\\Users\\Legato\\Desktop\\banco\\system\\CodeIgniter.php(455): CodeIgniter\\Filters\\Filters->run(\'api/clientes\', \'before\')
#3 C:\\Users\\Legato\\Desktop\\banco\\system\\CodeIgniter.php(351): CodeIgniter\\CodeIgniter->handleRequest(NULL, Object(Config\\Cache), false)
#4 C:\\Users\\Legato\\Desktop\\banco\\public\\index.php(67): CodeIgniter\\CodeIgniter->run()
#5 C:\\Users\\Legato\\Desktop\\banco\\system\\Commands\\Server\\rewrite.php(46): require_once(\'C:\\\\Users\\\\Legato...\')
#6 {main}', true, 500)
 3 SYSTEMPATH\HTTP\ResponseTrait.php(445): CodeIgniter\HTTP\Response->sendHeaders()
 4 SYSTEMPATH\CodeIgniter.php(461): CodeIgniter\HTTP\Response->send()
 5 SYSTEMPATH\CodeIgniter.php(351): CodeIgniter\CodeIgniter->handleRequest(null, Object(Config\Cache), false)
 6 FCPATH\index.php(67): CodeIgniter\CodeIgniter->run()
 7 SYSTEMPATH\Commands\Server\rewrite.php(46): require_once('FCPATH\\index.php')
CRITICAL - 2022-12-11 20:13:15 --> Header may not contain more than a single header, new line detected
in SYSTEMPATH\HTTP\ResponseTrait.php on line 471.
 1 [internal function]: CodeIgniter\Debug\Exceptions->errorHandler(2, 'Header may not contain more than a single header, new line detected', 'SYSTEMPATH\\HTTP\\ResponseTrait.php', 471)
 2 SYSTEMPATH\HTTP\ResponseTrait.php(471): header('HTTP/1.1 500 Firebase\\JWT\\ExpiredException: Expired token in C:\\Users\\Legato\\Desktop\\banco\\vendor\\firebase\\php-jwt\\src\\JWT.php:162
Stack trace:
#0 C:\\Users\\Legato\\Desktop\\banco\\app\\Filters\\AutFiltro.php(44): Firebase\\JWT\\JWT::decode(\'eyJ0eXAiOiJKV1Q...\', Object(Firebase\\JWT\\Key))
#1 C:\\Users\\Legato\\Desktop\\banco\\system\\Filters\\Filters.php(173): App\\Filters\\AutFiltro->before(Object(CodeIgniter\\HTTP\\IncomingRequest), NULL)
#2 C:\\Users\\Legato\\Desktop\\banco\\system\\CodeIgniter.php(455): CodeIgniter\\Filters\\Filters->run(\'api/clientes\', \'before\')
#3 C:\\Users\\Legato\\Desktop\\banco\\system\\CodeIgniter.php(351): CodeIgniter\\CodeIgniter->handleRequest(NULL, Object(Config\\Cache), false)
#4 C:\\Users\\Legato\\Desktop\\banco\\public\\index.php(67): CodeIgniter\\CodeIgniter->run()
#5 C:\\Users\\Legato\\Desktop\\banco\\system\\Commands\\Server\\rewrite.php(46): require_once(\'C:\\\\Users\\\\Legato...\')
#6 {main}', true, 500)
 3 SYSTEMPATH\HTTP\ResponseTrait.php(445): CodeIgniter\HTTP\Response->sendHeaders()
 4 SYSTEMPATH\CodeIgniter.php(461): CodeIgniter\HTTP\Response->send()
 5 SYSTEMPATH\CodeIgniter.php(351): CodeIgniter\CodeIgniter->handleRequest(null, Object(Config\Cache), false)
 6 FCPATH\index.php(67): CodeIgniter\CodeIgniter->run()
 7 SYSTEMPATH\Commands\Server\rewrite.php(46): require_once('FCPATH\\index.php')
CRITICAL - 2022-12-11 20:23:17 --> Header may not contain more than a single header, new line detected
in SYSTEMPATH\HTTP\ResponseTrait.php on line 471.
 1 [internal function]: CodeIgniter\Debug\Exceptions->errorHandler(2, 'Header may not contain more than a single header, new line detected', 'SYSTEMPATH\\HTTP\\ResponseTrait.php', 471)
 2 SYSTEMPATH\HTTP\ResponseTrait.php(471): header('HTTP/1.1 500 Firebase\\JWT\\ExpiredException: Expired token in C:\\Users\\Legato\\Desktop\\banco\\vendor\\firebase\\php-jwt\\src\\JWT.php:162
Stack trace:
#0 C:\\Users\\Legato\\Desktop\\banco\\app\\Filters\\AutFiltro.php(45): Firebase\\JWT\\JWT::decode(\'eyJ0eXAiOiJKV1Q...\', Object(Firebase\\JWT\\Key))
#1 C:\\Users\\Legato\\Desktop\\banco\\system\\Filters\\Filters.php(173): App\\Filters\\AutFiltro->before(Object(CodeIgniter\\HTTP\\IncomingRequest), NULL)
#2 C:\\Users\\Legato\\Desktop\\banco\\system\\CodeIgniter.php(455): CodeIgniter\\Filters\\Filters->run(\'api/clientes\', \'before\')
#3 C:\\Users\\Legato\\Desktop\\banco\\system\\CodeIgniter.php(351): CodeIgniter\\CodeIgniter->handleRequest(NULL, Object(Config\\Cache), false)
#4 C:\\Users\\Legato\\Desktop\\banco\\public\\index.php(67): CodeIgniter\\CodeIgniter->run()
#5 C:\\Users\\Legato\\Desktop\\banco\\system\\Commands\\Server\\rewrite.php(46): require_once(\'C:\\\\Users\\\\Legato...\')
#6 {main}', true, 500)
 3 SYSTEMPATH\HTTP\ResponseTrait.php(445): CodeIgniter\HTTP\Response->sendHeaders()
 4 SYSTEMPATH\CodeIgniter.php(461): CodeIgniter\HTTP\Response->send()
 5 SYSTEMPATH\CodeIgniter.php(351): CodeIgniter\CodeIgniter->handleRequest(null, Object(Config\Cache), false)
 6 FCPATH\index.php(67): CodeIgniter\CodeIgniter->run()
 7 SYSTEMPATH\Commands\Server\rewrite.php(46): require_once('FCPATH\\index.php')
CRITICAL - 2022-12-11 20:44:36 --> syntax error, unexpected token ")"
in APPPATH\Filters\AutFiltro.php on line 40.
 1 SYSTEMPATH\Autoloader\Autoloader.php(259): CodeIgniter\Autoloader\Autoloader->includeFile('APPPATH\\Filters\\AutFiltro.php')
 2 SYSTEMPATH\Autoloader\Autoloader.php(237): CodeIgniter\Autoloader\Autoloader->loadInNamespace('App\\Filters\\AutFiltro')
 3 SYSTEMPATH\Filters\Filters.php(166): CodeIgniter\Autoloader\Autoloader->loadClass('App\\Filters\\AutFiltro')
 4 SYSTEMPATH\CodeIgniter.php(455): CodeIgniter\Filters\Filters->run('api/clientes', 'before')
 5 SYSTEMPATH\CodeIgniter.php(351): CodeIgniter\CodeIgniter->handleRequest(null, Object(Config\Cache), false)
 6 FCPATH\index.php(67): CodeIgniter\CodeIgniter->run()
 7 SYSTEMPATH\Commands\Server\rewrite.php(46): require_once('FCPATH\\index.php')
CRITICAL - 2022-12-11 20:45:31 --> Undefined constant "App\Filters\ExpiredException"
in APPPATH\Filters\AutFiltro.php on line 32.
 1 SYSTEMPATH\Filters\Filters.php(173): App\Filters\AutFiltro->before(Object(CodeIgniter\HTTP\IncomingRequest), null)
 2 SYSTEMPATH\CodeIgniter.php(455): CodeIgniter\Filters\Filters->run('api/clientes', 'before')
 3 SYSTEMPATH\CodeIgniter.php(351): CodeIgniter\CodeIgniter->handleRequest(null, Object(Config\Cache), false)
 4 FCPATH\index.php(67): CodeIgniter\CodeIgniter->run()
 5 SYSTEMPATH\Commands\Server\rewrite.php(46): require_once('FCPATH\\index.php')
