CRITICAL - 2022-12-03 09:13:54 --> Class "App\Models\CuentaModel" not found
in APPPATH\Controllers\API\Cuentas.php on line 8.
 1 SYSTEMPATH\CodeIgniter.php(889): App\Controllers\API\Cuentas->__construct()
 2 SYSTEMPATH\CodeIgniter.php(473): CodeIgniter\CodeIgniter->createController()
 3 SYSTEMPATH\CodeIgniter.php(351): CodeIgniter\CodeIgniter->handleRequest(null, Object(Config\Cache), false)
 4 FCPATH\index.php(67): CodeIgniter\CodeIgniter->run()
 5 SYSTEMPATH\Commands\Server\rewrite.php(46): require_once('FCPATH\\index.php')
CRITICAL - 2022-12-03 09:27:08 --> Class "App\Models\CuentaModel" not found
in APPPATH\Controllers\API\Cuentas.php on line 8.
 1 SYSTEMPATH\CodeIgniter.php(889): App\Controllers\API\Cuentas->__construct()
 2 SYSTEMPATH\CodeIgniter.php(473): CodeIgniter\CodeIgniter->createController()
 3 SYSTEMPATH\CodeIgniter.php(351): CodeIgniter\CodeIgniter->handleRequest(null, Object(Config\Cache), false)
 4 FCPATH\index.php(67): CodeIgniter\CodeIgniter->run()
 5 SYSTEMPATH\Commands\Server\rewrite.php(46): require_once('FCPATH\\index.php')
CRITICAL - 2022-12-03 09:45:44 --> Class "App\Models\ReglasPropias" not found
in SYSTEMPATH\Validation\Validation.php on line 586.
 1 SYSTEMPATH\Validation\Validation.php(122): CodeIgniter\Validation\Validation->loadRuleSets()
 2 SYSTEMPATH\BaseModel.php(1371): CodeIgniter\Validation\Validation->run([...], null, null)
 3 SYSTEMPATH\BaseModel.php(712): CodeIgniter\BaseModel->validate([...])
 4 SYSTEMPATH\Model.php(667): CodeIgniter\BaseModel->insert([...], true)
 5 APPPATH\Controllers\API\Cuentas.php(17): CodeIgniter\Model->insert(Object(stdClass))
 6 SYSTEMPATH\CodeIgniter.php(927): App\Controllers\API\Cuentas->crear()
 7 SYSTEMPATH\CodeIgniter.php(482): CodeIgniter\CodeIgniter->runController(Object(App\Controllers\API\Cuentas))
 8 SYSTEMPATH\CodeIgniter.php(351): CodeIgniter\CodeIgniter->handleRequest(null, Object(Config\Cache), false)
 9 FCPATH\index.php(67): CodeIgniter\CodeIgniter->run()
10 SYSTEMPATH\Commands\Server\rewrite.php(46): require_once('FCPATH\\index.php')
CRITICAL - 2022-12-03 10:40:57 --> Class "App\Models\ReglasPropias" not found
in SYSTEMPATH\Validation\Validation.php on line 586.
 1 SYSTEMPATH\Validation\Validation.php(122): CodeIgniter\Validation\Validation->loadRuleSets()
 2 SYSTEMPATH\BaseModel.php(1371): CodeIgniter\Validation\Validation->run([...], null, null)
 3 SYSTEMPATH\BaseModel.php(712): CodeIgniter\BaseModel->validate([...])
 4 SYSTEMPATH\Model.php(667): CodeIgniter\BaseModel->insert([...], true)
 5 APPPATH\Controllers\API\Cuentas.php(17): CodeIgniter\Model->insert(Object(stdClass))
 6 SYSTEMPATH\CodeIgniter.php(927): App\Controllers\API\Cuentas->crear()
 7 SYSTEMPATH\CodeIgniter.php(482): CodeIgniter\CodeIgniter->runController(Object(App\Controllers\API\Cuentas))
 8 SYSTEMPATH\CodeIgniter.php(351): CodeIgniter\CodeIgniter->handleRequest(null, Object(Config\Cache), false)
 9 FCPATH\index.php(67): CodeIgniter\CodeIgniter->run()
10 SYSTEMPATH\Commands\Server\rewrite.php(46): require_once('FCPATH\\index.php')
CRITICAL - 2022-12-03 11:28:48 --> Class "App\Model\ClienteModel" not found
in APPPATH\Models\ReglasPropias\ReglasPropias.php on line 6.
 1 SYSTEMPATH\Validation\Validation.php(314): App\Models\ReglasPropias\ReglasPropias->clienteValido(12546853, null)
 2 SYSTEMPATH\Validation\Validation.php(175): CodeIgniter\Validation\Validation->processRules('cliente_id', 'cliente_id', 12546853, [...], [...])
 3 SYSTEMPATH\BaseModel.php(1371): CodeIgniter\Validation\Validation->run([...], null, null)
 4 SYSTEMPATH\BaseModel.php(712): CodeIgniter\BaseModel->validate([...])
 5 SYSTEMPATH\Model.php(667): CodeIgniter\BaseModel->insert([...], true)
 6 APPPATH\Controllers\API\Cuentas.php(17): CodeIgniter\Model->insert(Object(stdClass))
 7 SYSTEMPATH\CodeIgniter.php(927): App\Controllers\API\Cuentas->crear()
 8 SYSTEMPATH\CodeIgniter.php(482): CodeIgniter\CodeIgniter->runController(Object(App\Controllers\API\Cuentas))
 9 SYSTEMPATH\CodeIgniter.php(351): CodeIgniter\CodeIgniter->handleRequest(null, Object(Config\Cache), false)
10 FCPATH\index.php(67): CodeIgniter\CodeIgniter->run()
11 SYSTEMPATH\Commands\Server\rewrite.php(46): require_once('FCPATH\\index.php')
CRITICAL - 2022-12-03 11:29:51 --> Class "App\Models\ReglasPropias" not found
in SYSTEMPATH\Validation\Validation.php on line 586.
 1 SYSTEMPATH\Validation\Validation.php(122): CodeIgniter\Validation\Validation->loadRuleSets()
 2 SYSTEMPATH\BaseModel.php(1371): CodeIgniter\Validation\Validation->run([...], null, null)
 3 SYSTEMPATH\BaseModel.php(712): CodeIgniter\BaseModel->validate([...])
 4 SYSTEMPATH\Model.php(667): CodeIgniter\BaseModel->insert([...], true)
 5 APPPATH\Controllers\API\Cuentas.php(17): CodeIgniter\Model->insert(Object(stdClass))
 6 SYSTEMPATH\CodeIgniter.php(927): App\Controllers\API\Cuentas->crear()
 7 SYSTEMPATH\CodeIgniter.php(482): CodeIgniter\CodeIgniter->runController(Object(App\Controllers\API\Cuentas))
 8 SYSTEMPATH\CodeIgniter.php(351): CodeIgniter\CodeIgniter->handleRequest(null, Object(Config\Cache), false)
 9 FCPATH\index.php(67): CodeIgniter\CodeIgniter->run()
10 SYSTEMPATH\Commands\Server\rewrite.php(46): require_once('FCPATH\\index.php')
CRITICAL - 2022-12-03 11:30:24 --> Class "Config\App\Models\ReglasPropias\ReglasPropias" not found
in SYSTEMPATH\Validation\Validation.php on line 586.
 1 SYSTEMPATH\Validation\Validation.php(122): CodeIgniter\Validation\Validation->loadRuleSets()
 2 SYSTEMPATH\BaseModel.php(1371): CodeIgniter\Validation\Validation->run([...], null, null)
 3 SYSTEMPATH\BaseModel.php(712): CodeIgniter\BaseModel->validate([...])
 4 SYSTEMPATH\Model.php(667): CodeIgniter\BaseModel->insert([...], true)
 5 APPPATH\Controllers\API\Cuentas.php(17): CodeIgniter\Model->insert(Object(stdClass))
 6 SYSTEMPATH\CodeIgniter.php(927): App\Controllers\API\Cuentas->crear()
 7 SYSTEMPATH\CodeIgniter.php(482): CodeIgniter\CodeIgniter->runController(Object(App\Controllers\API\Cuentas))
 8 SYSTEMPATH\CodeIgniter.php(351): CodeIgniter\CodeIgniter->handleRequest(null, Object(Config\Cache), false)
 9 FCPATH\index.php(67): CodeIgniter\CodeIgniter->run()
10 SYSTEMPATH\Commands\Server\rewrite.php(46): require_once('FCPATH\\index.php')
CRITICAL - 2022-12-03 11:30:32 --> Class "App\Model\ClienteModel" not found
in APPPATH\Models\ReglasPropias\ReglasPropias.php on line 6.
 1 SYSTEMPATH\Validation\Validation.php(314): App\Models\ReglasPropias\ReglasPropias->clienteValido(12546853, null)
 2 SYSTEMPATH\Validation\Validation.php(175): CodeIgniter\Validation\Validation->processRules('cliente_id', 'cliente_id', 12546853, [...], [...])
 3 SYSTEMPATH\BaseModel.php(1371): CodeIgniter\Validation\Validation->run([...], null, null)
 4 SYSTEMPATH\BaseModel.php(712): CodeIgniter\BaseModel->validate([...])
 5 SYSTEMPATH\Model.php(667): CodeIgniter\BaseModel->insert([...], true)
 6 APPPATH\Controllers\API\Cuentas.php(17): CodeIgniter\Model->insert(Object(stdClass))
 7 SYSTEMPATH\CodeIgniter.php(927): App\Controllers\API\Cuentas->crear()
 8 SYSTEMPATH\CodeIgniter.php(482): CodeIgniter\CodeIgniter->runController(Object(App\Controllers\API\Cuentas))
 9 SYSTEMPATH\CodeIgniter.php(351): CodeIgniter\CodeIgniter->handleRequest(null, Object(Config\Cache), false)
10 FCPATH\index.php(67): CodeIgniter\CodeIgniter->run()
11 SYSTEMPATH\Commands\Server\rewrite.php(46): require_once('FCPATH\\index.php')
CRITICAL - 2022-12-03 11:50:00 --> App\Models\ReglasPropias\ReglasPropias::cliente_valido(): Argument #2 ($id) must be of type int, null given, called in C:\Users\Legato\Desktop\banco\system\Validation\Validation.php on line 314
in APPPATH\Models\ReglasPropias\ReglasPropias.php on line 5.
 1 SYSTEMPATH\Validation\Validation.php(314): App\Models\ReglasPropias\ReglasPropias->cliente_valido('12546853', null)
 2 SYSTEMPATH\Validation\Validation.php(175): CodeIgniter\Validation\Validation->processRules('cliente_id', 'cliente_id', 12546853, [...], [...])
 3 SYSTEMPATH\BaseModel.php(1371): CodeIgniter\Validation\Validation->run([...], null, null)
 4 SYSTEMPATH\BaseModel.php(712): CodeIgniter\BaseModel->validate([...])
 5 SYSTEMPATH\Model.php(667): CodeIgniter\BaseModel->insert([...], true)
 6 APPPATH\Controllers\API\Cuentas.php(17): CodeIgniter\Model->insert(Object(stdClass))
 7 SYSTEMPATH\CodeIgniter.php(927): App\Controllers\API\Cuentas->crear()
 8 SYSTEMPATH\CodeIgniter.php(482): CodeIgniter\CodeIgniter->runController(Object(App\Controllers\API\Cuentas))
 9 SYSTEMPATH\CodeIgniter.php(351): CodeIgniter\CodeIgniter->handleRequest(null, Object(Config\Cache), false)
10 FCPATH\index.php(67): CodeIgniter\CodeIgniter->run()
11 SYSTEMPATH\Commands\Server\rewrite.php(46): require_once('FCPATH\\index.php')
