CRITICAL - 2022-12-10 08:00:49 --> Call to undefined function App\Controllers\verificarPass()
in APPPATH\Controllers\Autenticacion.php on line 19.
 1 SYSTEMPATH\CodeIgniter.php(927): App\Controllers\Autenticacion->login()
 2 SYSTEMPATH\CodeIgniter.php(482): CodeIgniter\CodeIgniter->runController(Object(App\Controllers\Autenticacion))
 3 SYSTEMPATH\CodeIgniter.php(351): CodeIgniter\CodeIgniter->handleRequest(null, Object(Config\Cache), false)
 4 FCPATH\index.php(67): CodeIgniter\CodeIgniter->run()
 5 SYSTEMPATH\Commands\Server\rewrite.php(46): require_once('FCPATH\\index.php')
CRITICAL - 2022-12-10 08:01:36 --> Too few arguments to function verificarPass(), 1 passed in C:\Users\Legato\Desktop\banco\app\Controllers\Autenticacion.php on line 19 and exactly 2 expected
in APPPATH\Helpers\seguridad_pass_helper.php on line 5.
 1 APPPATH\Controllers\Autenticacion.php(19): verificarPass('$2a$12$T/lIE5Y6UPX8Xr8Pp/3.N.hU9DrdG29r4CqOywoIdvp1Y0TzZUXKm')
 2 SYSTEMPATH\CodeIgniter.php(927): App\Controllers\Autenticacion->login()
 3 SYSTEMPATH\CodeIgniter.php(482): CodeIgniter\CodeIgniter->runController(Object(App\Controllers\Autenticacion))
 4 SYSTEMPATH\CodeIgniter.php(351): CodeIgniter\CodeIgniter->handleRequest(null, Object(Config\Cache), false)
 5 FCPATH\index.php(67): CodeIgniter\CodeIgniter->run()
 6 SYSTEMPATH\Commands\Server\rewrite.php(46): require_once('FCPATH\\index.php')
CRITICAL - 2022-12-10 08:02:25 --> Class "App\Controllers\Services" not found
in APPPATH\Controllers\Autenticacion.php on line 29.
 1 APPPATH\Controllers\Autenticacion.php(20): App\Controllers\Autenticacion->generarToken([...])
 2 SYSTEMPATH\CodeIgniter.php(927): App\Controllers\Autenticacion->login()
 3 SYSTEMPATH\CodeIgniter.php(482): CodeIgniter\CodeIgniter->runController(Object(App\Controllers\Autenticacion))
 4 SYSTEMPATH\CodeIgniter.php(351): CodeIgniter\CodeIgniter->handleRequest(null, Object(Config\Cache), false)
 5 FCPATH\index.php(67): CodeIgniter\CodeIgniter->run()
 6 SYSTEMPATH\Commands\Server\rewrite.php(46): require_once('FCPATH\\index.php')
CRITICAL - 2022-12-10 08:04:04 --> Class "App\Controllers\Services" not found
in APPPATH\Controllers\Autenticacion.php on line 30.
 1 APPPATH\Controllers\Autenticacion.php(21): App\Controllers\Autenticacion->generarToken([...])
 2 SYSTEMPATH\CodeIgniter.php(927): App\Controllers\Autenticacion->login()
 3 SYSTEMPATH\CodeIgniter.php(482): CodeIgniter\CodeIgniter->runController(Object(App\Controllers\Autenticacion))
 4 SYSTEMPATH\CodeIgniter.php(351): CodeIgniter\CodeIgniter->handleRequest(null, Object(Config\Cache), false)
 5 FCPATH\index.php(67): CodeIgniter\CodeIgniter->run()
 6 SYSTEMPATH\Commands\Server\rewrite.php(46): require_once('FCPATH\\index.php')
CRITICAL - 2022-12-10 08:04:46 --> Class "App\Controllers\Services" not found
in APPPATH\Controllers\Autenticacion.php on line 29.
 1 APPPATH\Controllers\Autenticacion.php(20): App\Controllers\Autenticacion->generarToken([...])
 2 SYSTEMPATH\CodeIgniter.php(927): App\Controllers\Autenticacion->login()
 3 SYSTEMPATH\CodeIgniter.php(482): CodeIgniter\CodeIgniter->runController(Object(App\Controllers\Autenticacion))
 4 SYSTEMPATH\CodeIgniter.php(351): CodeIgniter\CodeIgniter->handleRequest(null, Object(Config\Cache), false)
 5 FCPATH\index.php(67): CodeIgniter\CodeIgniter->run()
 6 SYSTEMPATH\Commands\Server\rewrite.php(46): require_once('FCPATH\\index.php')
CRITICAL - 2022-12-10 08:07:21 --> Too few arguments to function Firebase\JWT\JWT::encode(), 2 passed in C:\Users\Legato\Desktop\banco\app\Controllers\Autenticacion.php on line 38 and at least 3 expected
in VENDORPATH\firebase\php-jwt\src\JWT.php on line 183.
 1 APPPATH\Controllers\Autenticacion.php(38): Firebase\JWT\JWT::encode([...], 'llave_secreta')
 2 APPPATH\Controllers\Autenticacion.php(21): App\Controllers\Autenticacion->generarToken([...])
 3 SYSTEMPATH\CodeIgniter.php(927): App\Controllers\Autenticacion->login()
 4 SYSTEMPATH\CodeIgniter.php(482): CodeIgniter\CodeIgniter->runController(Object(App\Controllers\Autenticacion))
 5 SYSTEMPATH\CodeIgniter.php(351): CodeIgniter\CodeIgniter->handleRequest(null, Object(Config\Cache), false)
 6 FCPATH\index.php(67): CodeIgniter\CodeIgniter->run()
 7 SYSTEMPATH\Commands\Server\rewrite.php(46): require_once('FCPATH\\index.php')
